movil/casa_grande_app/build/app/intermediates/manifest_merge_blame_file/debug/manifest-merger-blame-debug-report.txt
1<?xml version="1.0" encoding="utf-8"?>
2<manifest xmlns:android="http://schemas.android.com/apk/res/android"
3    package="com.example.casa_grande_app"
4    android:versionCode="1"
5    android:versionName="1.0.0" >
6
7    <uses-sdk
8        android:minSdkVersion="23"
9        android:targetSdkVersion="35" />
10    <!--
11         The INTERNET permission is required for development. Specifically,
12         the Flutter tool needs it to communicate with the running application
13         to allow setting breakpoints, to provide hot reload, etc.
14    -->
15    <uses-permission android:name="android.permission.INTERNET" />
15-->src\debug\AndroidManifest.xml:6:5-66
15-->src\debug\AndroidManifest.xml:6:22-64
16    <!--
17     Required to query activities that can process text, see:
18         https://developer.android.com/training/package-visibility and
19         https://developer.android.com/reference/android/content/Intent#ACTION_PROCESS_TEXT.
20
21         In particular, this is used by the Flutter engine in io.flutter.plugin.text.ProcessTextPlugin.
22    -->
23    <queries>
23-->src\main\AndroidManifest.xml:39:5-44:15
24        <intent>
24-->src\main\AndroidManifest.xml:40:9-43:18
25            <action android:name="android.intent.action.PROCESS_TEXT" />
25-->src\main\AndroidManifest.xml:41:13-72
25-->src\main\AndroidManifest.xml:41:21-70
26
27            <data android:mimeType="text/plain" />
27-->src\main\AndroidManifest.xml:42:13-50
27-->src\main\AndroidManifest.xml:42:19-48
28        </intent>
29    </queries>
30
31    <uses-permission android:name="android.permission.ACCESS_NETWORK_STATE" />
31-->[com.google.firebase:firebase-auth:23.2.0] AndroidManifest.xml:26:5-79
31-->[com.google.firebase:firebase-auth:23.2.0] AndroidManifest.xml:26:22-76
32    <uses-permission android:name="com.google.android.providers.gsf.permission.READ_GSERVICES" />
32-->[com.google.android.recaptcha:recaptcha:18.6.1] AndroidManifest.xml:9:5-98
32-->[com.google.android.recaptcha:recaptcha:18.6.1] AndroidManifest.xml:9:22-95
33
34    <permission
34-->[androidx.core:core:1.13.1] AndroidManifest.xml:22:5-24:47
35        android:name="com.example.casa_grande_app.DYNAMIC_RECEIVER_NOT_EXPORTED_PERMISSION"
35-->[androidx.core:core:1.13.1] AndroidManifest.xml:23:9-81
36        android:protectionLevel="signature" />
36-->[androidx.core:core:1.13.1] AndroidManifest.xml:24:9-44
37
38    <uses-permission android:name="com.example.casa_grande_app.DYNAMIC_RECEIVER_NOT_EXPORTED_PERMISSION" />
38-->[androidx.core:core:1.13.1] AndroidManifest.xml:26:5-97
38-->[androidx.core:core:1.13.1] AndroidManifest.xml:26:22-94
39
40    <application
41        android:name="android.app.Application"
42        android:appComponentFactory="androidx.core.app.CoreComponentFactory"
42-->[androidx.core:core:1.13.1] AndroidManifest.xml:28:18-86
43        android:debuggable="true"
44        android:extractNativeLibs="false"
45        android:icon="@mipmap/ic_launcher"
46        android:label="casa_grande_app" >
47        <activity
48            android:name="com.example.casa_grande_app.MainActivity"
49            android:configChanges="orientation|keyboardHidden|keyboard|screenSize|smallestScreenSize|locale|layoutDirection|fontScale|screenLayout|density|uiMode"
50            android:exported="true"
51            android:hardwareAccelerated="true"
52            android:launchMode="singleTop"
53            android:taskAffinity=""
54            android:theme="@style/LaunchTheme"
55            android:windowSoftInputMode="adjustResize" >
56
57            <!--
58                 Specifies an Android theme to apply to this Activity as soon as
59                 the Android process has started. This theme is visible to the user
60                 while the Flutter UI initializes. After that, this theme continues
61                 to determine the Window background behind the Flutter UI.
62            -->
63            <meta-data
64                android:name="io.flutter.embedding.android.NormalTheme"
65                android:resource="@style/NormalTheme" />
66
67            <intent-filter>
68                <action android:name="android.intent.action.MAIN" />
69
70                <category android:name="android.intent.category.LAUNCHER" />
71            </intent-filter>
72        </activity>
73        <!--
74             Don't delete the meta-data below.
75             This is used by the Flutter tool to generate GeneratedPluginRegistrant.java
76        -->
77        <meta-data
78            android:name="flutterEmbedding"
79            android:value="2" />
80
81        <service
81-->[:firebase_auth] AndroidManifest.xml:8:9-12:19
82            android:name="com.google.firebase.components.ComponentDiscoveryService"
82-->[:firebase_auth] AndroidManifest.xml:8:18-89
83            android:directBootAware="true"
83-->[com.google.firebase:firebase-common:21.0.0] AndroidManifest.xml:32:13-43
84            android:exported="false" >
84-->[com.google.firebase:firebase-auth:23.2.0] AndroidManifest.xml:68:13-37
85            <meta-data
85-->[:firebase_auth] AndroidManifest.xml:9:13-11:85
86                android:name="com.google.firebase.components:io.flutter.plugins.firebase.auth.FlutterFirebaseAuthRegistrar"
86-->[:firebase_auth] AndroidManifest.xml:10:17-124
87                android:value="com.google.firebase.components.ComponentRegistrar" />
87-->[:firebase_auth] AndroidManifest.xml:11:17-82
88            <meta-data
88-->[:cloud_firestore] AndroidManifest.xml:9:13-11:85
89                android:name="com.google.firebase.components:io.flutter.plugins.firebase.firestore.FlutterFirebaseFirestoreRegistrar"
89-->[:cloud_firestore] AndroidManifest.xml:10:17-134
90                android:value="com.google.firebase.components.ComponentRegistrar" />
90-->[:cloud_firestore] AndroidManifest.xml:11:17-82
91            <meta-data
91-->[:firebase_core] AndroidManifest.xml:9:13-11:85
92                android:name="com.google.firebase.components:io.flutter.plugins.firebase.core.FlutterFirebaseCoreRegistrar"
92-->[:firebase_core] AndroidManifest.xml:10:17-124
93                android:value="com.google.firebase.components.ComponentRegistrar" />
93-->[:firebase_core] AndroidManifest.xml:11:17-82
94            <meta-data
94-->[com.google.firebase:firebase-auth:23.2.0] AndroidManifest.xml:69:13-71:85
95                android:name="com.google.firebase.components:com.google.firebase.auth.FirebaseAuthRegistrar"
95-->[com.google.firebase:firebase-auth:23.2.0] AndroidManifest.xml:70:17-109
96                android:value="com.google.firebase.components.ComponentRegistrar" />
96-->[com.google.firebase:firebase-auth:23.2.0] AndroidManifest.xml:71:17-82
97            <meta-data
97-->[com.google.firebase:firebase-firestore:25.1.2] AndroidManifest.xml:17:13-19:85
98                android:name="com.google.firebase.components:com.google.firebase.firestore.FirebaseFirestoreKtxRegistrar"
98-->[com.google.firebase:firebase-firestore:25.1.2] AndroidManifest.xml:18:17-122
99                android:value="com.google.firebase.components.ComponentRegistrar" />
99-->[com.google.firebase:firebase-firestore:25.1.2] AndroidManifest.xml:19:17-82
100            <meta-data
100-->[com.google.firebase:firebase-firestore:25.1.2] AndroidManifest.xml:20:13-22:85
101                android:name="com.google.firebase.components:com.google.firebase.firestore.FirestoreRegistrar"
101-->[com.google.firebase:firebase-firestore:25.1.2] AndroidManifest.xml:21:17-111
102                android:value="com.google.firebase.components.ComponentRegistrar" />
102-->[com.google.firebase:firebase-firestore:25.1.2] AndroidManifest.xml:22:17-82
103            <meta-data
103-->[com.google.firebase:firebase-common-ktx:21.0.0] AndroidManifest.xml:12:13-14:85
104                android:name="com.google.firebase.components:com.google.firebase.ktx.FirebaseCommonLegacyRegistrar"
104-->[com.google.firebase:firebase-common-ktx:21.0.0] AndroidManifest.xml:13:17-116
105                android:value="com.google.firebase.components.ComponentRegistrar" />
105-->[com.google.firebase:firebase-common-ktx:21.0.0] AndroidManifest.xml:14:17-82
106            <meta-data
106-->[com.google.firebase:firebase-common:21.0.0] AndroidManifest.xml:35:13-37:85
107                android:name="com.google.firebase.components:com.google.firebase.FirebaseCommonKtxRegistrar"
107-->[com.google.firebase:firebase-common:21.0.0] AndroidManifest.xml:36:17-109
108                android:value="com.google.firebase.components.ComponentRegistrar" />
108-->[com.google.firebase:firebase-common:21.0.0] AndroidManifest.xml:37:17-82
109        </service>
110
111        <activity
111-->[com.google.firebase:firebase-auth:23.2.0] AndroidManifest.xml:29:9-46:20
112            android:name="com.google.firebase.auth.internal.GenericIdpActivity"
112-->[com.google.firebase:firebase-auth:23.2.0] AndroidManifest.xml:30:13-80
113            android:excludeFromRecents="true"
113-->[com.google.firebase:firebase-auth:23.2.0] AndroidManifest.xml:31:13-46
114            android:exported="true"
114-->[com.google.firebase:firebase-auth:23.2.0] AndroidManifest.xml:32:13-36
115            android:launchMode="singleTask"
115-->[com.google.firebase:firebase-auth:23.2.0] AndroidManifest.xml:33:13-44
116            android:theme="@android:style/Theme.Translucent.NoTitleBar" >
116-->[com.google.firebase:firebase-auth:23.2.0] AndroidManifest.xml:34:13-72
117            <intent-filter>
117-->[com.google.firebase:firebase-auth:23.2.0] AndroidManifest.xml:35:13-45:29
118                <action android:name="android.intent.action.VIEW" />
118-->[com.google.firebase:firebase-auth:23.2.0] AndroidManifest.xml:36:17-69
118-->[com.google.firebase:firebase-auth:23.2.0] AndroidManifest.xml:36:25-66
119
120                <category android:name="android.intent.category.DEFAULT" />
120-->[com.google.firebase:firebase-auth:23.2.0] AndroidManifest.xml:38:17-76
120-->[com.google.firebase:firebase-auth:23.2.0] AndroidManifest.xml:38:27-73
121                <category android:name="android.intent.category.BROWSABLE" />
121-->[com.google.firebase:firebase-auth:23.2.0] AndroidManifest.xml:39:17-78
121-->[com.google.firebase:firebase-auth:23.2.0] AndroidManifest.xml:39:27-75
122
123                <data
123-->src\main\AndroidManifest.xml:42:13-50
124                    android:host="firebase.auth"
125                    android:path="/"
126                    android:scheme="genericidp" />
127            </intent-filter>
128        </activity>
129        <activity
129-->[com.google.firebase:firebase-auth:23.2.0] AndroidManifest.xml:47:9-64:20
130            android:name="com.google.firebase.auth.internal.RecaptchaActivity"
130-->[com.google.firebase:firebase-auth:23.2.0] AndroidManifest.xml:48:13-79
131            android:excludeFromRecents="true"
131-->[com.google.firebase:firebase-auth:23.2.0] AndroidManifest.xml:49:13-46
132            android:exported="true"
132-->[com.google.firebase:firebase-auth:23.2.0] AndroidManifest.xml:50:13-36
133            android:launchMode="singleTask"
133-->[com.google.firebase:firebase-auth:23.2.0] AndroidManifest.xml:51:13-44
134            android:theme="@android:style/Theme.Translucent.NoTitleBar" >
134-->[com.google.firebase:firebase-auth:23.2.0] AndroidManifest.xml:52:13-72
135            <intent-filter>
135-->[com.google.firebase:firebase-auth:23.2.0] AndroidManifest.xml:53:13-63:29
136                <action android:name="android.intent.action.VIEW" />
136-->[com.google.firebase:firebase-auth:23.2.0] AndroidManifest.xml:36:17-69
136-->[com.google.firebase:firebase-auth:23.2.0] AndroidManifest.xml:36:25-66
137
138                <category android:name="android.intent.category.DEFAULT" />
138-->[com.google.firebase:firebase-auth:23.2.0] AndroidManifest.xml:38:17-76
138-->[com.google.firebase:firebase-auth:23.2.0] AndroidManifest.xml:38:27-73
139                <category android:name="android.intent.category.BROWSABLE" />
139-->[com.google.firebase:firebase-auth:23.2.0] AndroidManifest.xml:39:17-78
139-->[com.google.firebase:firebase-auth:23.2.0] AndroidManifest.xml:39:27-75
140
141                <data
141-->src\main\AndroidManifest.xml:42:13-50
142                    android:host="firebase.auth"
143                    android:path="/"
144                    android:scheme="recaptcha" />
145            </intent-filter>
146        </activity>
147
148        <service
148-->[androidx.credentials:credentials-play-services-auth:1.2.0-rc01] AndroidManifest.xml:24:9-32:19
149            android:name="androidx.credentials.playservices.CredentialProviderMetadataHolder"
149-->[androidx.credentials:credentials-play-services-auth:1.2.0-rc01] AndroidManifest.xml:25:13-94
150            android:enabled="true"
150-->[androidx.credentials:credentials-play-services-auth:1.2.0-rc01] AndroidManifest.xml:26:13-35
151            android:exported="false" >
151-->[androidx.credentials:credentials-play-services-auth:1.2.0-rc01] AndroidManifest.xml:27:13-37
152            <meta-data
152-->[androidx.credentials:credentials-play-services-auth:1.2.0-rc01] AndroidManifest.xml:29:13-31:104
153                android:name="androidx.credentials.CREDENTIAL_PROVIDER_KEY"
153-->[androidx.credentials:credentials-play-services-auth:1.2.0-rc01] AndroidManifest.xml:30:17-76
154                android:value="androidx.credentials.playservices.CredentialProviderPlayServicesImpl" />
154-->[androidx.credentials:credentials-play-services-auth:1.2.0-rc01] AndroidManifest.xml:31:17-101
155        </service>
156
157        <activity
157-->[androidx.credentials:credentials-play-services-auth:1.2.0-rc01] AndroidManifest.xml:34:9-41:20
158            android:name="androidx.credentials.playservices.HiddenActivity"
158-->[androidx.credentials:credentials-play-services-auth:1.2.0-rc01] AndroidManifest.xml:35:13-76
159            android:configChanges="orientation|screenSize|screenLayout|keyboardHidden"
159-->[androidx.credentials:credentials-play-services-auth:1.2.0-rc01] AndroidManifest.xml:36:13-87
160            android:enabled="true"
160-->[androidx.credentials:credentials-play-services-auth:1.2.0-rc01] AndroidManifest.xml:37:13-35
161            android:exported="false"
161-->[androidx.credentials:credentials-play-services-auth:1.2.0-rc01] AndroidManifest.xml:38:13-37
162            android:fitsSystemWindows="true"
162-->[androidx.credentials:credentials-play-services-auth:1.2.0-rc01] AndroidManifest.xml:39:13-45
163            android:theme="@style/Theme.Hidden" >
163-->[androidx.credentials:credentials-play-services-auth:1.2.0-rc01] AndroidManifest.xml:40:13-48
164        </activity>
165
166        <provider
166-->[:printing] AndroidManifest.xml:8:9-16:20
167            android:name="net.nfet.flutter.printing.PrintFileProvider"
167-->[:printing] AndroidManifest.xml:9:13-71
168            android:authorities="com.example.casa_grande_app.flutter.printing"
168-->[:printing] AndroidManifest.xml:10:13-68
169            android:exported="false"
169-->[:printing] AndroidManifest.xml:11:13-37
170            android:grantUriPermissions="true" >
170-->[:printing] AndroidManifest.xml:12:13-47
171            <meta-data
171-->[:printing] AndroidManifest.xml:13:13-15:71
172                android:name="android.support.FILE_PROVIDER_PATHS"
172-->[:printing] AndroidManifest.xml:14:17-67
173                android:resource="@xml/flutter_printing_file_paths" />
173-->[:printing] AndroidManifest.xml:15:17-68
174        </provider>
175        <provider
175-->[com.google.firebase:firebase-common:21.0.0] AndroidManifest.xml:23:9-28:39
176            android:name="com.google.firebase.provider.FirebaseInitProvider"
176-->[com.google.firebase:firebase-common:21.0.0] AndroidManifest.xml:24:13-77
177            android:authorities="com.example.casa_grande_app.firebaseinitprovider"
177-->[com.google.firebase:firebase-common:21.0.0] AndroidManifest.xml:25:13-72
178            android:directBootAware="true"
178-->[com.google.firebase:firebase-common:21.0.0] AndroidManifest.xml:26:13-43
179            android:exported="false"
179-->[com.google.firebase:firebase-common:21.0.0] AndroidManifest.xml:27:13-37
180            android:initOrder="100" />
180-->[com.google.firebase:firebase-common:21.0.0] AndroidManifest.xml:28:13-36
181
182        <activity
182-->[com.google.android.gms:play-services-auth:20.7.0] AndroidManifest.xml:23:9-27:75
183            android:name="com.google.android.gms.auth.api.signin.internal.SignInHubActivity"
183-->[com.google.android.gms:play-services-auth:20.7.0] AndroidManifest.xml:24:13-93
184            android:excludeFromRecents="true"
184-->[com.google.android.gms:play-services-auth:20.7.0] AndroidManifest.xml:25:13-46
185            android:exported="false"
185-->[com.google.android.gms:play-services-auth:20.7.0] AndroidManifest.xml:26:13-37
186            android:theme="@android:style/Theme.Translucent.NoTitleBar" />
186-->[com.google.android.gms:play-services-auth:20.7.0] AndroidManifest.xml:27:13-72
187        <!--
188            Service handling Google Sign-In user revocation. For apps that do not integrate with
189            Google Sign-In, this service will never be started.
190        -->
191        <service
191-->[com.google.android.gms:play-services-auth:20.7.0] AndroidManifest.xml:33:9-37:51
192            android:name="com.google.android.gms.auth.api.signin.RevocationBoundService"
192-->[com.google.android.gms:play-services-auth:20.7.0] AndroidManifest.xml:34:13-89
193            android:exported="true"
193-->[com.google.android.gms:play-services-auth:20.7.0] AndroidManifest.xml:35:13-36
194            android:permission="com.google.android.gms.auth.api.signin.permission.REVOCATION_NOTIFICATION"
194-->[com.google.android.gms:play-services-auth:20.7.0] AndroidManifest.xml:36:13-107
195            android:visibleToInstantApps="true" />
195-->[com.google.android.gms:play-services-auth:20.7.0] AndroidManifest.xml:37:13-48
196
197        <activity
197-->[com.google.android.gms:play-services-base:18.1.0] AndroidManifest.xml:20:9-22:45
198            android:name="com.google.android.gms.common.api.GoogleApiActivity"
198-->[com.google.android.gms:play-services-base:18.1.0] AndroidManifest.xml:20:19-85
199            android:exported="false"
199-->[com.google.android.gms:play-services-base:18.1.0] AndroidManifest.xml:22:19-43
200            android:theme="@android:style/Theme.Translucent.NoTitleBar" />
200-->[com.google.android.gms:play-services-base:18.1.0] AndroidManifest.xml:21:19-78
201
202        <uses-library
202-->[androidx.window:window:1.2.0] AndroidManifest.xml:23:9-25:40
203            android:name="androidx.window.extensions"
203-->[androidx.window:window:1.2.0] AndroidManifest.xml:24:13-54
204            android:required="false" />
204-->[androidx.window:window:1.2.0] AndroidManifest.xml:25:13-37
205        <uses-library
205-->[androidx.window:window:1.2.0] AndroidManifest.xml:26:9-28:40
206            android:name="androidx.window.sidecar"
206-->[androidx.window:window:1.2.0] AndroidManifest.xml:27:13-51
207            android:required="false" />
207-->[androidx.window:window:1.2.0] AndroidManifest.xml:28:13-37
208
209        <meta-data
209-->[com.google.android.gms:play-services-basement:18.4.0] AndroidManifest.xml:6:9-122
210            android:name="com.google.android.gms.version"
210-->[com.google.android.gms:play-services-basement:18.4.0] AndroidManifest.xml:6:20-65
211            android:value="@integer/google_play_services_version" />
211-->[com.google.android.gms:play-services-basement:18.4.0] AndroidManifest.xml:6:66-119
212
213        <provider
213-->[androidx.lifecycle:lifecycle-process:2.7.0] AndroidManifest.xml:24:9-32:20
214            android:name="androidx.startup.InitializationProvider"
214-->[androidx.lifecycle:lifecycle-process:2.7.0] AndroidManifest.xml:25:13-67
215            android:authorities="com.example.casa_grande_app.androidx-startup"
215-->[androidx.lifecycle:lifecycle-process:2.7.0] AndroidManifest.xml:26:13-68
216            android:exported="false" >
216-->[androidx.lifecycle:lifecycle-process:2.7.0] AndroidManifest.xml:27:13-37
217            <meta-data
217-->[androidx.lifecycle:lifecycle-process:2.7.0] AndroidManifest.xml:29:13-31:52
218                android:name="androidx.lifecycle.ProcessLifecycleInitializer"
218-->[androidx.lifecycle:lifecycle-process:2.7.0] AndroidManifest.xml:30:17-78
219                android:value="androidx.startup" />
219-->[androidx.lifecycle:lifecycle-process:2.7.0] AndroidManifest.xml:31:17-49
220            <meta-data
220-->[androidx.profileinstaller:profileinstaller:1.3.1] AndroidManifest.xml:29:13-31:52
221                android:name="androidx.profileinstaller.ProfileInstallerInitializer"
221-->[androidx.profileinstaller:profileinstaller:1.3.1] AndroidManifest.xml:30:17-85
222                android:value="androidx.startup" />
222-->[androidx.profileinstaller:profileinstaller:1.3.1] AndroidManifest.xml:31:17-49
223        </provider>
224
225        <receiver
225-->[androidx.profileinstaller:profileinstaller:1.3.1] AndroidManifest.xml:34:9-52:20
226            android:name="androidx.profileinstaller.ProfileInstallReceiver"
226-->[androidx.profileinstaller:profileinstaller:1.3.1] AndroidManifest.xml:35:13-76
227            android:directBootAware="false"
227-->[androidx.profileinstaller:profileinstaller:1.3.1] AndroidManifest.xml:36:13-44
228            android:enabled="true"
228-->[androidx.profileinstaller:profileinstaller:1.3.1] AndroidManifest.xml:37:13-35
229            android:exported="true"
229-->[androidx.profileinstaller:profileinstaller:1.3.1] AndroidManifest.xml:38:13-36
230            android:permission="android.permission.DUMP" >
230-->[androidx.profileinstaller:profileinstaller:1.3.1] AndroidManifest.xml:39:13-57
231            <intent-filter>
231-->[androidx.profileinstaller:profileinstaller:1.3.1] AndroidManifest.xml:40:13-42:29
232                <action android:name="androidx.profileinstaller.action.INSTALL_PROFILE" />
232-->[androidx.profileinstaller:profileinstaller:1.3.1] AndroidManifest.xml:41:17-91
232-->[androidx.profileinstaller:profileinstaller:1.3.1] AndroidManifest.xml:41:25-88
233            </intent-filter>
234            <intent-filter>
234-->[androidx.profileinstaller:profileinstaller:1.3.1] AndroidManifest.xml:43:13-45:29
235                <action android:name="androidx.profileinstaller.action.SKIP_FILE" />
235-->[androidx.profileinstaller:profileinstaller:1.3.1] AndroidManifest.xml:44:17-85
235-->[androidx.profileinstaller:profileinstaller:1.3.1] AndroidManifest.xml:44:25-82
236            </intent-filter>
237            <intent-filter>
237-->[androidx.profileinstaller:profileinstaller:1.3.1] AndroidManifest.xml:46:13-48:29
238                <action android:name="androidx.profileinstaller.action.SAVE_PROFILE" />
238-->[androidx.profileinstaller:profileinstaller:1.3.1] AndroidManifest.xml:47:17-88
238-->[androidx.profileinstaller:profileinstaller:1.3.1] AndroidManifest.xml:47:25-85
239            </intent-filter>
240            <intent-filter>
240-->[androidx.profileinstaller:profileinstaller:1.3.1] AndroidManifest.xml:49:13-51:29
241                <action android:name="androidx.profileinstaller.action.BENCHMARK_OPERATION" />
241-->[androidx.profileinstaller:profileinstaller:1.3.1] AndroidManifest.xml:50:17-95
241-->[androidx.profileinstaller:profileinstaller:1.3.1] AndroidManifest.xml:50:25-92
242            </intent-filter>
243        </receiver> <!-- The activities will be merged into the manifest of the hosting app. -->
244        <activity
244-->[com.google.android.play:core-common:2.0.3] AndroidManifest.xml:14:9-18:65
245            android:name="com.google.android.play.core.common.PlayCoreDialogWrapperActivity"
245-->[com.google.android.play:core-common:2.0.3] AndroidManifest.xml:15:13-93
246            android:exported="false"
246-->[com.google.android.play:core-common:2.0.3] AndroidManifest.xml:16:13-37
247            android:stateNotNeeded="true"
247-->[com.google.android.play:core-common:2.0.3] AndroidManifest.xml:17:13-42
248            android:theme="@style/Theme.PlayCore.Transparent" />
248-->[com.google.android.play:core-common:2.0.3] AndroidManifest.xml:18:13-62
249    </application>
250
251</manifest>